0 info it worked if it ends with ok
1 verbose cli [ 'C:\\Program Files\\nodejs\\node.exe',
1 verbose cli   'C:\\Users\\m.faizan\\AppData\\Roaming\\npm\\node_modules\\npm\\bin\\npm-cli.js',
1 verbose cli   'start' ]
2 info using npm@3.8.3
3 info using node@v6.3.1
4 verbose run-script [ 'prestart', 'start', 'poststart' ]
5 info lifecycle application-name@0.0.1~prestart: application-name@0.0.1
6 silly lifecycle application-name@0.0.1~prestart: no script for prestart, continuing
7 info lifecycle application-name@0.0.1~start: application-name@0.0.1
8 verbose lifecycle application-name@0.0.1~start: unsafe-perm in lifecycle true
9 verbose lifecycle application-name@0.0.1~start: PATH: C:\Users\m.faizan\AppData\Roaming\npm\node_modules\npm\bin\node-gyp-bin;E:\NodePrac\awsNodejs\node_modules\.bin;C:\Program Files\nodejs;C:\Go\bin\;C:\Program Files\predix_cli\bin\win64;C:\Program Files (x86)\Windows Resource Kits\Tools\;C:\Program Files (x86)\Rockwell Software\RSCommon;E:\app\m.faizan\product\11.2.0\client_3\bin;E:\app\m.faizan\product\11.2.0\client_1\bin;E:\app\m.faizan\product\11.2.0\dbhome_1\bin;C:\ProgramData\Oracle\Java\javapath;C:\Windows\system32;C:\Windows;C:\Windows\System32\Wbem;C:\Windows\System32\WindowsPowerShell\v1.0\;C:\Program Files\apache-maven-3.3.9\bin;C:\Program Files\Java\jdk1.8.0_102\bin;C:\Program Files\Cloud Foundry;C:\Program Files\Java\jdk1.8.0_92\bin;C:\Program Files\apache-maven-3.3.9\bin;C:\Program Files\apache-tomcat-8.0.36\bin;C:\Users\m.faizan\AppData\Roaming\npm;C:\ProgramData\chocolatey\bin;C:\Program Files\Java\jdk1.8.0_102\bin;C:\Python27;C:\Program Files\nodejs\;C:\Program Files\Git\cmd;C:\Program Files\TortoiseSVN\bin;C:\Program Files\Anaconda3;C:\Program Files\Anaconda3\Scripts;C:\Program Files\Anaconda3\Library\bin;orcl;E:\mysql-5.7.17-winx64\bin;C:\Program Files (x86)\sbt\bin;C:\Program Files (x86)\Common Files\Rockwell\;C:\Program Files\PIPC\ADM\;C:\Windows\Microsoft.NET\Framework64\v2.0.50727;e:\predix\;C:\Program Files (x86)\mosquitto;C:\Program Files\IBM\Bluemix\bin;C:\Ruby23-x64\bin;C:\Users\m.faizan\AppData\Roaming\npm;C:\Users\m.faizan\AppData\Local\atom\bin;C:\Program Files (x86)\Microsoft VS Code\bin;C:\Program Files\Heroku\bin;C:\Go\bin\;C:\Program Files\Cloud Foundry
10 verbose lifecycle application-name@0.0.1~start: CWD: E:\NodePrac\awsNodejs
11 silly lifecycle application-name@0.0.1~start: Args: [ '/d /s /c', 'node app.js' ]
12 silly lifecycle application-name@0.0.1~start: Returned: code: 1  signal: null
13 info lifecycle application-name@0.0.1~start: Failed to exec start script
14 verbose stack Error: application-name@0.0.1 start: `node app.js`
14 verbose stack Exit status 1
14 verbose stack     at EventEmitter.<anonymous> (C:\Users\m.faizan\AppData\Roaming\npm\node_modules\npm\lib\utils\lifecycle.js:239:16)
14 verbose stack     at emitTwo (events.js:106:13)
14 verbose stack     at EventEmitter.emit (events.js:191:7)
14 verbose stack     at ChildProcess.<anonymous> (C:\Users\m.faizan\AppData\Roaming\npm\node_modules\npm\lib\utils\spawn.js:24:14)
14 verbose stack     at emitTwo (events.js:106:13)
14 verbose stack     at ChildProcess.emit (events.js:191:7)
14 verbose stack     at maybeClose (internal/child_process.js:852:16)
14 verbose stack     at Process.ChildProcess._handle.onexit (internal/child_process.js:215:5)
15 verbose pkgid application-name@0.0.1
16 verbose cwd E:\NodePrac\awsNodejs
17 error Windows_NT 10.0.10586
18 error argv "C:\\Program Files\\nodejs\\node.exe" "C:\\Users\\m.faizan\\AppData\\Roaming\\npm\\node_modules\\npm\\bin\\npm-cli.js" "start"
19 error node v6.3.1
20 error npm  v3.8.3
21 error code ELIFECYCLE
22 error application-name@0.0.1 start: `node app.js`
22 error Exit status 1
23 error Failed at the application-name@0.0.1 start script 'node app.js'.
23 error Make sure you have the latest version of node.js and npm installed.
23 error If you do, this is most likely a problem with the application-name package,
23 error not with npm itself.
23 error Tell the author that this fails on your system:
23 error     node app.js
23 error You can get information on how to open an issue for this project with:
23 error     npm bugs application-name
23 error Or if that isn't available, you can get their info via:
23 error     npm owner ls application-name
23 error There is likely additional logging output above.
24 verbose exit [ 1, true ]
